<?xml version="1.0" encoding="UTF-8"?>
<!-- Generated by org.testng.reporters.JUnitXMLReporter -->
<testsuite ignored="0" hostname="Abdulraheem" failures="0" tests="4" name="Default test" time="0.391" errors="0" timestamp="2024-11-19T20:55:22 EET">
  <testcase classname="MyTestcases" name="AddDataToMyDataBase" time="0.019"/>
  <testcase classname="MyTestcases" name="Updatedata" time="0.004"/>
  <testcase classname="MyTestcases" name="DeleteData" time="0.005"/>
  <testcase classname="MyTestcases" name="ReadData" time="0.028"/>
</testsuite> <!-- Default test -->
